<?xml version="1.0" encoding="UTF-8"?>
<coverage generated="1780682932578" clover="3.2.0">
  <project timestamp="1780682932578" name="All files">
    <metrics statements="97" coveredstatements="63" conditionals="39" coveredconditionals="15" methods="23" coveredmethods="15" elements="159" coveredelements="93" complexity="0" loc="97" ncloc="97" packages="1" files="5" classes="5"/>
    <file name="applianceService.js" path="D:\Samuel Gaviria\Escritorio\DeployProyecto\DeploySistemaEnergetico\backend\src\services\applianceService.js">
      <metrics statements="36" coveredstatements="27" conditionals="12" coveredconditionals="5" methods="10" coveredmethods="9"/>
      <line num="1" count="1" type="stmt"/>
      <line num="2" count="1" type="stmt"/>
      <line num="6" count="1" type="stmt"/>
      <line num="7" count="1" type="stmt"/>
      <line num="11" count="3" type="stmt"/>
      <line num="15" count="1" type="stmt"/>
      <line num="16" count="1" type="stmt"/>
      <line num="23" count="0" type="stmt"/>
      <line num="24" count="0" type="cond" truecount="0" falsecount="2"/>
      <line num="25" count="0" type="stmt"/>
      <line num="28" count="0" type="stmt"/>
      <line num="32" count="1" type="stmt"/>
      <line num="33" count="1" type="stmt"/>
      <line num="34" count="1" type="stmt"/>
      <line num="35" count="1" type="stmt"/>
      <line num="36" count="1" type="stmt"/>
      <line num="40" count="1" type="stmt"/>
      <line num="41" count="1" type="stmt"/>
      <line num="42" count="1" type="cond" truecount="1" falsecount="1"/>
      <line num="43" count="0" type="stmt"/>
      <line num="46" count="1" type="stmt"/>
      <line num="47" count="1" type="stmt"/>
      <line num="48" count="1" type="stmt"/>
      <line num="52" count="1" type="stmt"/>
      <line num="53" count="1" type="cond" truecount="1" falsecount="1"/>
      <line num="54" count="0" type="stmt"/>
      <line num="57" count="1" type="stmt"/>
      <line num="61" count="2" type="stmt"/>
      <line num="62" count="2" type="cond" truecount="1" falsecount="1"/>
      <line num="63" count="0" type="stmt"/>
      <line num="66" count="2" type="cond" truecount="1" falsecount="1"/>
      <line num="67" count="0" type="stmt"/>
      <line num="70" count="2" type="cond" truecount="1" falsecount="1"/>
      <line num="71" count="0" type="stmt"/>
      <line num="76" count="3" type="stmt"/>
      <line num="87" count="1" type="stmt"/>
    </file>
    <file name="authService.js" path="D:\Samuel Gaviria\Escritorio\DeployProyecto\DeploySistemaEnergetico\backend\src\services\authService.js">
      <metrics statements="34" coveredstatements="25" conditionals="18" coveredconditionals="10" methods="5" coveredmethods="4"/>
      <line num="1" count="1" type="stmt"/>
      <line num="2" count="1" type="stmt"/>
      <line num="3" count="1" type="stmt"/>
      <line num="4" count="1" type="stmt"/>
      <line num="8" count="1" type="stmt"/>
      <line num="9" count="1" type="stmt"/>
      <line num="10" count="1" type="stmt"/>
      <line num="14" count="3" type="cond" truecount="1" falsecount="1"/>
      <line num="15" count="0" type="stmt"/>
      <line num="18" count="3" type="cond" truecount="1" falsecount="1"/>
      <line num="19" count="0" type="stmt"/>
      <line num="22" count="3" type="cond" truecount="3" falsecount="1"/>
      <line num="23" count="0" type="stmt"/>
      <line num="26" count="3" type="stmt"/>
      <line num="27" count="3" type="cond" truecount="1" falsecount="1"/>
      <line num="28" count="0" type="stmt"/>
      <line num="31" count="3" type="stmt"/>
      <line num="32" count="3" type="stmt"/>
      <line num="38" count="3" type="stmt"/>
      <line num="42" count="1" type="cond" truecount="1" falsecount="1"/>
      <line num="43" count="0" type="stmt"/>
      <line num="46" count="1" type="cond" truecount="1" falsecount="1"/>
      <line num="47" count="0" type="stmt"/>
      <line num="50" count="1" type="stmt"/>
      <line num="51" count="1" type="cond" truecount="1" falsecount="1"/>
      <line num="52" count="0" type="stmt"/>
      <line num="55" count="1" type="stmt"/>
      <line num="56" count="1" type="cond" truecount="1" falsecount="1"/>
      <line num="57" count="0" type="stmt"/>
      <line num="60" count="1" type="stmt"/>
      <line num="64" count="0" type="stmt"/>
      <line num="68" count="4" type="stmt"/>
      <line num="73" count="4" type="stmt"/>
      <line num="84" count="1" type="stmt"/>
    </file>
    <file name="consumptionService.js" path="D:\Samuel Gaviria\Escritorio\DeployProyecto\DeploySistemaEnergetico\backend\src\services\consumptionService.js">
      <metrics statements="11" coveredstatements="3" conditionals="2" coveredconditionals="0" methods="6" coveredmethods="1"/>
      <line num="3" count="1" type="stmt"/>
      <line num="4" count="1" type="stmt"/>
      <line num="8" count="0" type="stmt"/>
      <line num="12" count="0" type="stmt"/>
      <line num="13" count="0" type="stmt"/>
      <line num="14" count="0" type="stmt"/>
      <line num="15" count="0" type="stmt"/>
      <line num="19" count="0" type="stmt"/>
      <line num="24" count="0" type="stmt"/>
      <line num="29" count="0" type="stmt"/>
      <line num="37" count="1" type="stmt"/>
    </file>
    <file name="index.js" path="D:\Samuel Gaviria\Escritorio\DeployProyecto\DeploySistemaEnergetico\backend\src\services\index.js">
      <metrics statements="7" coveredstatements="7" conditionals="1" coveredconditionals="0" methods="1" coveredmethods="1"/>
      <line num="1" count="1" type="stmt"/>
      <line num="2" count="1" type="stmt"/>
      <line num="3" count="1" type="stmt"/>
      <line num="4" count="1" type="stmt"/>
      <line num="7" count="1" type="stmt"/>
      <line num="13" count="1" type="stmt"/>
      <line num="27" count="1" type="stmt"/>
    </file>
    <file name="recommendationService.js" path="D:\Samuel Gaviria\Escritorio\DeployProyecto\DeploySistemaEnergetico\backend\src\services\recommendationService.js">
      <metrics statements="9" coveredstatements="1" conditionals="6" coveredconditionals="0" methods="1" coveredmethods="0"/>
      <line num="3" count="0" type="stmt"/>
      <line num="5" count="0" type="cond" truecount="0" falsecount="2"/>
      <line num="6" count="0" type="stmt"/>
      <line num="9" count="0" type="cond" truecount="0" falsecount="2"/>
      <line num="10" count="0" type="stmt"/>
      <line num="13" count="0" type="cond" truecount="0" falsecount="2"/>
      <line num="14" count="0" type="stmt"/>
      <line num="17" count="0" type="stmt"/>
      <line num="21" count="1" type="stmt"/>
    </file>
  </project>
</coverage>
