TN:
SF:src\services\applianceService.js
FN:5,(anonymous_0)
FN:10,(anonymous_1)
FN:14,(anonymous_2)
FN:16,(anonymous_3)
FN:22,(anonymous_4)
FN:31,(anonymous_5)
FN:39,(anonymous_6)
FN:51,(anonymous_7)
FN:60,(anonymous_8)
FN:75,(anonymous_9)
FNF:10
FNH:9
FNDA:1,(anonymous_0)
FNDA:3,(anonymous_1)
FNDA:1,(anonymous_2)
FNDA:1,(anonymous_3)
FNDA:0,(anonymous_4)
FNDA:1,(anonymous_5)
FNDA:1,(anonymous_6)
FNDA:1,(anonymous_7)
FNDA:2,(anonymous_8)
FNDA:3,(anonymous_9)
DA:1,1
DA:2,1
DA:6,1
DA:7,1
DA:11,3
DA:15,1
DA:16,1
DA:23,0
DA:24,0
DA:25,0
DA:28,0
DA:32,1
DA:33,1
DA:34,1
DA:35,1
DA:36,1
DA:40,1
DA:41,1
DA:42,1
DA:43,0
DA:46,1
DA:47,1
DA:48,1
DA:52,1
DA:53,1
DA:54,0
DA:57,1
DA:61,2
DA:62,2
DA:63,0
DA:66,2
DA:67,0
DA:70,2
DA:71,0
DA:76,3
DA:87,1
LF:36
LH:27
BRDA:24,0,0,0
BRDA:24,0,1,0
BRDA:42,1,0,0
BRDA:42,1,1,1
BRDA:53,2,0,0
BRDA:53,2,1,1
BRDA:62,3,0,0
BRDA:62,3,1,2
BRDA:66,4,0,0
BRDA:66,4,1,2
BRDA:70,5,0,0
BRDA:70,5,1,2
BRF:12
BRH:5
end_of_record
TN:
SF:src\services\authService.js
FN:7,(anonymous_0)
FN:13,(anonymous_1)
FN:41,(anonymous_2)
FN:63,(anonymous_3)
FN:67,(anonymous_4)
FNF:5
FNH:4
FNDA:1,(anonymous_0)
FNDA:3,(anonymous_1)
FNDA:1,(anonymous_2)
FNDA:0,(anonymous_3)
FNDA:4,(anonymous_4)
DA:1,1
DA:2,1
DA:3,1
DA:4,1
DA:8,1
DA:9,1
DA:10,1
DA:14,3
DA:15,0
DA:18,3
DA:19,0
DA:22,3
DA:23,0
DA:26,3
DA:27,3
DA:28,0
DA:31,3
DA:32,3
DA:38,3
DA:42,1
DA:43,0
DA:46,1
DA:47,0
DA:50,1
DA:51,1
DA:52,0
DA:55,1
DA:56,1
DA:57,0
DA:60,1
DA:64,0
DA:68,4
DA:73,4
DA:84,1
LF:34
LH:25
BRDA:14,0,0,0
BRDA:14,0,1,3
BRDA:18,1,0,0
BRDA:18,1,1,3
BRDA:22,2,0,0
BRDA:22,2,1,3
BRDA:22,3,0,3
BRDA:22,3,1,3
BRDA:27,4,0,0
BRDA:27,4,1,3
BRDA:42,5,0,0
BRDA:42,5,1,1
BRDA:46,6,0,0
BRDA:46,6,1,1
BRDA:51,7,0,0
BRDA:51,7,1,1
BRDA:56,8,0,0
BRDA:56,8,1,1
BRF:18
BRH:10
end_of_record
TN:
SF:src\services\consumptionService.js
FN:2,(anonymous_0)
FN:7,(anonymous_1)
FN:11,(anonymous_2)
FN:15,(anonymous_3)
FN:24,(anonymous_4)
FN:29,(anonymous_5)
FNF:6
FNH:1
FNDA:1,(anonymous_0)
FNDA:0,(anonymous_1)
FNDA:0,(anonymous_2)
FNDA:0,(anonymous_3)
FNDA:0,(anonymous_4)
FNDA:0,(anonymous_5)
DA:3,1
DA:4,1
DA:8,0
DA:12,0
DA:13,0
DA:14,0
DA:15,0
DA:19,0
DA:24,0
DA:29,0
DA:37,1
LF:11
LH:3
BRDA:22,0,0,0
BRDA:22,0,1,0
BRF:2
BRH:0
end_of_record
TN:
SF:src\services\index.js
FN:6,buildServices
FNF:1
FNH:1
FNDA:1,buildServices
DA:1,1
DA:2,1
DA:3,1
DA:4,1
DA:7,1
DA:13,1
DA:27,1
LF:7
LH:7
BRDA:6,0,0,0
BRF:1
BRH:0
end_of_record
TN:
SF:src\services\recommendationService.js
FN:2,(anonymous_0)
FNF:1
FNH:0
FNDA:0,(anonymous_0)
DA:3,0
DA:5,0
DA:6,0
DA:9,0
DA:10,0
DA:13,0
DA:14,0
DA:17,0
DA:21,1
LF:9
LH:1
BRDA:5,0,0,0
BRDA:5,0,1,0
BRDA:9,1,0,0
BRDA:9,1,1,0
BRDA:13,2,0,0
BRDA:13,2,1,0
BRF:6
BRH:0
end_of_record
